2022-10-30 00:26:32,428 - INFO - button .!button initialised
2022-10-30 00:26:32,429 - INFO - button .!button2 initialised
2022-10-30 00:26:32,429 - INFO - button .!button3 initialised
2022-10-30 00:26:32,429 - INFO - button .!button4 initialised
2022-10-30 00:26:32,429 - INFO - button .!button5 initialised
2022-10-30 00:26:32,429 - INFO - button .!button6 initialised
2022-10-30 00:26:32,429 - INFO - button .!button7 initialised
2022-10-30 00:26:32,429 - INFO - button .!button8 initialised
2022-10-30 00:26:32,429 - INFO - button .!button9 initialised
2022-10-30 00:26:32,430 - INFO - button .!button10 initialised
2022-10-30 00:26:32,430 - INFO - button .!button11 initialised
2022-10-30 00:26:32,430 - INFO - button .!button12 initialised
2022-10-30 00:26:32,430 - INFO - button .!button13 initialised
2022-10-30 00:26:32,430 - INFO - button .!button14 initialised
2022-10-30 00:26:32,430 - INFO - button .!button15 initialised
2022-10-30 00:26:32,430 - INFO - button .!button16 initialised
2022-10-30 00:26:32,430 - INFO - button .!button17 initialised
2022-10-30 00:26:32,430 - INFO - button .!button18 initialised
2022-10-30 00:26:32,430 - INFO - button .!button19 initialised
2022-10-30 00:26:32,431 - INFO - button .!button20 initialised
2022-10-30 00:26:32,431 - INFO - button .!button21 initialised
2022-10-30 00:26:32,431 - INFO - button .!button22 initialised
2022-10-30 00:26:32,431 - INFO - button .!button23 initialised
2022-10-30 00:26:32,431 - INFO - button .!button24 initialised
2022-10-30 00:26:32,431 - INFO - button .!button25 initialised
2022-10-30 00:26:32,431 - INFO - button .!button26 initialised
2022-10-30 00:26:32,431 - INFO - button .!button27 initialised
2022-10-30 00:26:32,431 - INFO - button .!button28 initialised
2022-10-30 00:26:32,431 - INFO - button .!button29 initialised
2022-10-30 00:26:32,431 - INFO - button .!button30 initialised
2022-10-30 00:26:32,432 - INFO - button .!button31 initialised
2022-10-30 00:26:32,432 - INFO - button .!button32 initialised
2022-10-30 00:26:32,432 - INFO - button .!button33 initialised
2022-10-30 00:26:32,432 - INFO - button .!button34 initialised
2022-10-30 00:26:32,432 - INFO - button .!button35 initialised
2022-10-30 00:26:32,432 - INFO - button .!button36 initialised
2022-10-30 00:26:32,432 - INFO - button .!button37 initialised
2022-10-30 00:26:32,432 - INFO - button .!button38 initialised
2022-10-30 00:26:32,432 - INFO - button .!button39 initialised
2022-10-30 00:26:32,433 - INFO - button .!button40 initialised
2022-10-30 00:26:32,433 - INFO - button .!button41 initialised
2022-10-30 00:26:32,433 - INFO - button .!button42 initialised
2022-10-30 00:26:32,433 - INFO - button .!button43 initialised
2022-10-30 00:26:32,433 - INFO - button .!button44 initialised
2022-10-30 00:26:32,433 - INFO - button .!button45 initialised
2022-10-30 00:26:32,433 - INFO - button .!button46 initialised
2022-10-30 00:26:32,433 - INFO - button .!button47 initialised
2022-10-30 00:26:32,433 - INFO - button .!button48 initialised
2022-10-30 00:26:32,433 - INFO - button .!button49 initialised
2022-10-30 00:26:32,434 - INFO - button .!button50 initialised
2022-10-30 00:26:32,434 - INFO - button .!button51 initialised
2022-10-30 00:26:32,434 - INFO - button .!button52 initialised
2022-10-30 00:26:32,434 - INFO - button .!button53 initialised
2022-10-30 00:26:32,434 - INFO - button .!button54 initialised
2022-10-30 00:26:32,434 - INFO - button .!button55 initialised
2022-10-30 00:26:32,434 - INFO - button .!button56 initialised
2022-10-30 00:26:32,434 - INFO - button .!button57 initialised
2022-10-30 00:26:32,434 - INFO - button .!button58 initialised
2022-10-30 00:26:32,434 - INFO - button .!button59 initialised
2022-10-30 00:26:32,435 - INFO - button .!button60 initialised
2022-10-30 00:26:32,435 - INFO - button .!button61 initialised
2022-10-30 00:26:32,435 - INFO - button .!button62 initialised
2022-10-30 00:26:32,435 - INFO - button .!button63 initialised
2022-10-30 00:26:32,435 - INFO - button .!button64 initialised
2022-10-30 00:26:32,435 - INFO - buttons initialised 

2022-10-30 00:26:32,435 - INFO - grid initialised 

2022-10-30 00:26:32,436 - INFO - the size of the of the game : 8
2022-10-30 00:26:32,436 - INFO - game initialised with middle_1 = 3 and middle_2 = 4

2022-10-30 00:26:35,596 - INFO - turn 1 of player White : .!button19 has been clicked
2022-10-30 00:26:35,597 - INFO - turn 1 of player White : loc of the tiles played already : [(3, 3), (3, 4), (4, 3), (4, 4)]
2022-10-30 00:26:35,597 - INFO - turn 1 of player White : game border tiles : [(3, 3), (3, 4), (4, 3), (4, 4)]
2022-10-30 00:26:35,597 - INFO - turn 1 of player White : clicked on a button at (2, 2)
2022-10-30 00:26:37,617 - INFO - turn 2 of player Black : .!button27 has been clicked
2022-10-30 00:26:37,617 - INFO - turn 2 of player Black : loc of the tiles played already : [(2, 2), (3, 3), (3, 4), (4, 3), (4, 4)]
2022-10-30 00:26:37,617 - INFO - turn 2 of player Black : game border tiles : [(2, 2), (3, 3), (3, 4), (4, 3), (4, 4)]
2022-10-30 00:26:37,618 - INFO - turn 2 of player Black : clicked on a button at (3, 2)
2022-10-30 00:26:41,174 - INFO - turn 3 of player White : .!button35 has been clicked
2022-10-30 00:26:41,175 - INFO - turn 3 of player White : loc of the tiles played already : [(2, 2), (3, 2), (3, 3), (3, 4), (4, 3), (4, 4)]
2022-10-30 00:26:41,175 - INFO - turn 3 of player White : game border tiles : [(2, 2), (3, 2), (3, 3), (3, 4), (4, 3), (4, 4)]
2022-10-30 00:26:41,175 - INFO - turn 3 of player White : clicked on a button at (4, 2)
2022-10-30 00:26:41,821 - INFO - turn 4 of player Black : .!button44 has been clicked
2022-10-30 00:26:41,821 - INFO - turn 4 of player Black : loc of the tiles played already : [(2, 2), (3, 2), (3, 3), (3, 4), (4, 2), (4, 3), (4, 4)]
2022-10-30 00:26:41,821 - INFO - turn 4 of player Black : game border tiles : [(2, 2), (3, 2), (3, 3), (3, 4), (4, 2), (4, 3), (4, 4)]
2022-10-30 00:26:41,821 - INFO - turn 4 of player Black : clicked on a button at (5, 3)
